2024-01-28 17:04:57,916 [Worker-6: Loading available Gradle versions] INFO  o.e.b.c.i.u.g.PublishedGradleVersions - Gradle version information cache is up-to-date. Trying to read.
2024-02-01 10:24:59,986 [Worker-1: Loading available Gradle versions] INFO  o.e.b.c.i.u.g.PublishedGradleVersions - Gradle version information cache is up-to-date. Trying to read.
2024-02-01 10:36:47,257 [Worker-12: Building] INFO  o.e.m.c.i.l.LifecycleMappingFactory - Using org.eclipse.m2e.jdt.JarLifecycleMapping lifecycle mapping for MavenProject: GestioneSale:GestioneSale_business_logic:0.0.1-SNAPSHOT @ C:\Users\massimoc\Documents\GitHub\Progetto_Ingegneria_Software_Cattaneo_Mangili_Saini\Codice\GestioneSale_business_logic\pom.xml.
2024-02-01 10:36:47,969 [Worker-12: Building] WARN  o.e.m.c.i.embedder.EclipseLogger - The POM for GestioneSale:GestioneSale_db_sqlite:jar:0.0.1-SNAPSHOT is missing, no dependency information available
2024-02-01 10:36:49,883 [Worker-12: Building] WARN  o.a.m.s.f.DefaultMavenResourcesFiltering - Using platform encoding (Cp1252 actually) to copy filtered resources, i.e. build is platform dependent!
2024-02-01 10:36:49,885 [Worker-12: Building] INFO  o.a.m.s.f.DefaultMavenResourcesFiltering - skip non existing resourceDirectory C:\Users\massimoc\Documents\GitHub\Progetto_Ingegneria_Software_Cattaneo_Mangili_Saini\Codice\GestioneSale_business_logic\src\main\resources
2024-02-01 10:36:49,892 [Worker-12: Building] WARN  o.a.m.s.f.DefaultMavenResourcesFiltering - Using platform encoding (Cp1252 actually) to copy filtered resources, i.e. build is platform dependent!
2024-02-01 10:36:49,894 [Worker-12: Building] INFO  o.a.m.s.f.DefaultMavenResourcesFiltering - skip non existing resourceDirectory C:\Users\massimoc\Documents\GitHub\Progetto_Ingegneria_Software_Cattaneo_Mangili_Saini\Codice\GestioneSale_business_logic\src\test\resources
2024-02-01 10:37:26,683 [Worker-12: Building] INFO  o.e.m.c.i.l.LifecycleMappingFactory - Using org.eclipse.m2e.jdt.JarLifecycleMapping lifecycle mapping for MavenProject: GestioneSale:GestioneSale_db_sqlite:0.0.1-SNAPSHOT @ C:\Users\massimoc\Documents\GitHub\Progetto_Ingegneria_Software_Cattaneo_Mangili_Saini\Codice\GestioneSale_db_sqlite\pom.xml.
2024-02-01 10:37:26,807 [Worker-12: Building] INFO  o.e.m.c.i.l.LifecycleMappingFactory - Using org.eclipse.m2e.jdt.JarLifecycleMapping lifecycle mapping for MavenProject: GestioneSale:GestioneSale_business_logic:0.0.1-SNAPSHOT @ C:\Users\massimoc\Documents\GitHub\Progetto_Ingegneria_Software_Cattaneo_Mangili_Saini\Codice\GestioneSale_business_logic\pom.xml.
2024-02-01 10:37:26,894 [Worker-12: Building] INFO  o.e.m.c.i.p.WorkspaceClassifierResolverManager - Resolving P/GestioneSale_db_sqlite: GestioneSale:GestioneSale_db_sqlite:0.0.1-SNAPSHOT with classifier  to /GestioneSale_db_sqlite/target/classes
2024-02-01 10:37:27,091 [Worker-12: Building] WARN  o.a.m.s.f.DefaultMavenResourcesFiltering - Using platform encoding (Cp1252 actually) to copy filtered resources, i.e. build is platform dependent!
2024-02-01 10:37:27,093 [Worker-12: Building] INFO  o.a.m.s.f.DefaultMavenResourcesFiltering - skip non existing resourceDirectory C:\Users\massimoc\Documents\GitHub\Progetto_Ingegneria_Software_Cattaneo_Mangili_Saini\Codice\GestioneSale_db_sqlite\src\main\resources
2024-02-01 10:37:27,100 [Worker-12: Building] WARN  o.a.m.s.f.DefaultMavenResourcesFiltering - Using platform encoding (Cp1252 actually) to copy filtered resources, i.e. build is platform dependent!
2024-02-01 10:37:27,102 [Worker-12: Building] INFO  o.a.m.s.f.DefaultMavenResourcesFiltering - skip non existing resourceDirectory C:\Users\massimoc\Documents\GitHub\Progetto_Ingegneria_Software_Cattaneo_Mangili_Saini\Codice\GestioneSale_db_sqlite\src\test\resources
2024-02-01 10:37:44,323 [Worker-6: Building] INFO  o.e.m.c.i.l.LifecycleMappingFactory - Using org.eclipse.m2e.jdt.JarLifecycleMapping lifecycle mapping for MavenProject: GestioneSale:GUI_PortaleOspedale:0.0.1-SNAPSHOT @ C:\Users\massimoc\Documents\GitHub\Progetto_Ingegneria_Software_Cattaneo_Mangili_Saini\Codice\GUI_PortaleOspedale\pom.xml.
2024-02-01 10:37:44,400 [Worker-6: Building] INFO  o.e.m.c.i.p.WorkspaceClassifierResolverManager - Resolving P/GestioneSale_db_sqlite: GestioneSale:GestioneSale_db_sqlite:0.0.1-SNAPSHOT with classifier  to /GestioneSale_db_sqlite/target/classes
2024-02-01 10:37:44,401 [Worker-6: Building] INFO  o.e.m.c.i.p.WorkspaceClassifierResolverManager - Resolving P/GestioneSale_business_logic: GestioneSale:GestioneSale_business_logic:0.0.1-SNAPSHOT with classifier  to /GestioneSale_business_logic/target/classes
2024-02-01 10:37:44,702 [Worker-6: Building] WARN  o.a.m.s.f.DefaultMavenResourcesFiltering - Using platform encoding (Cp1252 actually) to copy filtered resources, i.e. build is platform dependent!
2024-02-01 10:37:44,711 [Worker-6: Building] INFO  o.a.m.s.f.DefaultMavenResourcesFiltering - Copying 1 resource from src to target\classes
2024-02-01 10:37:44,757 [Worker-6: Building] WARN  o.a.m.s.f.DefaultMavenResourcesFiltering - Using platform encoding (Cp1252 actually) to copy filtered resources, i.e. build is platform dependent!
2024-02-01 10:37:44,759 [Worker-6: Building] INFO  o.a.m.s.f.DefaultMavenResourcesFiltering - skip non existing resourceDirectory C:\Users\massimoc\Documents\GitHub\Progetto_Ingegneria_Software_Cattaneo_Mangili_Saini\Codice\GUI_PortaleOspedale\src\test\resources
2024-02-01 10:39:11,042 [Worker-12: Building] WARN  o.a.m.s.f.DefaultMavenResourcesFiltering - Using platform encoding (Cp1252 actually) to copy filtered resources, i.e. build is platform dependent!
2024-02-01 10:39:11,053 [Worker-12: Building] INFO  o.a.m.s.f.DefaultMavenResourcesFiltering - Copying 1 resource from src to target\classes
2024-02-01 10:39:11,063 [Worker-12: Building] WARN  o.a.m.s.f.DefaultMavenResourcesFiltering - Using platform encoding (Cp1252 actually) to copy filtered resources, i.e. build is platform dependent!
2024-02-01 10:39:11,067 [Worker-12: Building] INFO  o.a.m.s.f.DefaultMavenResourcesFiltering - skip non existing resourceDirectory C:\Users\massimoc\Documents\GitHub\Progetto_Ingegneria_Software_Cattaneo_Mangili_Saini\Codice\GUI_PortaleOspedale\src\test\resources
2024-02-01 10:39:12,462 [Worker-25: Launching Login] INFO  o.e.m.c.i.p.WorkspaceClassifierResolverManager - Resolving P/GestioneSale_db_sqlite: GestioneSale:GestioneSale_db_sqlite:0.0.1-SNAPSHOT with classifier null to /GestioneSale_db_sqlite/target/classes
2024-02-01 10:39:12,464 [Worker-25: Launching Login] INFO  o.e.m.c.i.p.WorkspaceClassifierResolverManager - Resolving P/GestioneSale_business_logic: GestioneSale:GestioneSale_business_logic:0.0.1-SNAPSHOT with classifier null to /GestioneSale_business_logic/target/classes
2024-02-01 10:39:12,505 [Worker-25: Launching Login] INFO  o.e.m.c.i.p.WorkspaceClassifierResolverManager - Resolving P/GestioneSale_db_sqlite: GestioneSale:GestioneSale_db_sqlite:0.0.1-SNAPSHOT with classifier null to /GestioneSale_db_sqlite/target/classes
2024-02-01 10:39:12,506 [Worker-25: Launching Login] INFO  o.e.m.c.i.p.WorkspaceClassifierResolverManager - Resolving P/GestioneSale_business_logic: GestioneSale:GestioneSale_business_logic:0.0.1-SNAPSHOT with classifier null to /GestioneSale_business_logic/target/classes
2024-02-01 10:39:12,547 [Worker-25: Launching Login] INFO  o.e.m.c.i.p.WorkspaceClassifierResolverManager - Resolving P/GestioneSale_db_sqlite: GestioneSale:GestioneSale_db_sqlite:0.0.1-SNAPSHOT with classifier null to /GestioneSale_db_sqlite/target/classes
2024-02-01 10:39:12,548 [Worker-25: Launching Login] INFO  o.e.m.c.i.p.WorkspaceClassifierResolverManager - Resolving P/GestioneSale_business_logic: GestioneSale:GestioneSale_business_logic:0.0.1-SNAPSHOT with classifier null to /GestioneSale_business_logic/target/classes
2024-02-01 10:41:01,266 [Worker-6: Building] WARN  o.a.m.s.f.DefaultMavenResourcesFiltering - Using platform encoding (Cp1252 actually) to copy filtered resources, i.e. build is platform dependent!
2024-02-01 10:41:01,269 [Worker-6: Building] INFO  o.a.m.s.f.DefaultMavenResourcesFiltering - skip non existing resourceDirectory C:\Users\massimoc\Documents\GitHub\Progetto_Ingegneria_Software_Cattaneo_Mangili_Saini\Codice\GestioneSale_business_logic\src\main\resources
2024-02-01 10:41:01,272 [Worker-6: Building] WARN  o.a.m.s.f.DefaultMavenResourcesFiltering - Using platform encoding (Cp1252 actually) to copy filtered resources, i.e. build is platform dependent!
2024-02-01 10:41:01,275 [Worker-6: Building] INFO  o.a.m.s.f.DefaultMavenResourcesFiltering - skip non existing resourceDirectory C:\Users\massimoc\Documents\GitHub\Progetto_Ingegneria_Software_Cattaneo_Mangili_Saini\Codice\GestioneSale_business_logic\src\test\resources
2024-02-01 10:41:09,957 [Worker-12: Launching Login] INFO  o.e.m.c.i.p.WorkspaceClassifierResolverManager - Resolving P/GestioneSale_db_sqlite: GestioneSale:GestioneSale_db_sqlite:0.0.1-SNAPSHOT with classifier null to /GestioneSale_db_sqlite/target/classes
2024-02-01 10:41:09,960 [Worker-12: Launching Login] INFO  o.e.m.c.i.p.WorkspaceClassifierResolverManager - Resolving P/GestioneSale_business_logic: GestioneSale:GestioneSale_business_logic:0.0.1-SNAPSHOT with classifier null to /GestioneSale_business_logic/target/classes
2024-02-01 10:41:10,011 [Worker-12: Launching Login] INFO  o.e.m.c.i.p.WorkspaceClassifierResolverManager - Resolving P/GestioneSale_db_sqlite: GestioneSale:GestioneSale_db_sqlite:0.0.1-SNAPSHOT with classifier null to /GestioneSale_db_sqlite/target/classes
2024-02-01 10:41:10,012 [Worker-12: Launching Login] INFO  o.e.m.c.i.p.WorkspaceClassifierResolverManager - Resolving P/GestioneSale_business_logic: GestioneSale:GestioneSale_business_logic:0.0.1-SNAPSHOT with classifier null to /GestioneSale_business_logic/target/classes
2024-02-01 10:41:10,049 [Worker-12: Launching Login] INFO  o.e.m.c.i.p.WorkspaceClassifierResolverManager - Resolving P/GestioneSale_db_sqlite: GestioneSale:GestioneSale_db_sqlite:0.0.1-SNAPSHOT with classifier null to /GestioneSale_db_sqlite/target/classes
2024-02-01 10:41:10,050 [Worker-12: Launching Login] INFO  o.e.m.c.i.p.WorkspaceClassifierResolverManager - Resolving P/GestioneSale_business_logic: GestioneSale:GestioneSale_business_logic:0.0.1-SNAPSHOT with classifier null to /GestioneSale_business_logic/target/classes
2024-02-01 10:42:49,018 [Worker-26: Building] WARN  o.a.m.s.f.DefaultMavenResourcesFiltering - Using platform encoding (Cp1252 actually) to copy filtered resources, i.e. build is platform dependent!
2024-02-01 10:42:49,021 [Worker-26: Building] INFO  o.a.m.s.f.DefaultMavenResourcesFiltering - skip non existing resourceDirectory C:\Users\massimoc\Documents\GitHub\Progetto_Ingegneria_Software_Cattaneo_Mangili_Saini\Codice\GestioneSale_db_sqlite\src\main\resources
2024-02-01 10:42:49,027 [Worker-26: Building] WARN  o.a.m.s.f.DefaultMavenResourcesFiltering - Using platform encoding (Cp1252 actually) to copy filtered resources, i.e. build is platform dependent!
2024-02-01 10:42:49,029 [Worker-26: Building] INFO  o.a.m.s.f.DefaultMavenResourcesFiltering - skip non existing resourceDirectory C:\Users\massimoc\Documents\GitHub\Progetto_Ingegneria_Software_Cattaneo_Mangili_Saini\Codice\GestioneSale_db_sqlite\src\test\resources
2024-02-01 10:43:02,679 [Worker-17: Building] WARN  o.a.m.s.f.DefaultMavenResourcesFiltering - Using platform encoding (Cp1252 actually) to copy filtered resources, i.e. build is platform dependent!
2024-02-01 10:43:02,687 [Worker-17: Building] INFO  o.a.m.s.f.DefaultMavenResourcesFiltering - Copying 1 resource from src to target\classes
2024-02-01 10:43:02,694 [Worker-17: Building] WARN  o.a.m.s.f.DefaultMavenResourcesFiltering - Using platform encoding (Cp1252 actually) to copy filtered resources, i.e. build is platform dependent!
2024-02-01 10:43:02,696 [Worker-17: Building] INFO  o.a.m.s.f.DefaultMavenResourcesFiltering - skip non existing resourceDirectory C:\Users\massimoc\Documents\GitHub\Progetto_Ingegneria_Software_Cattaneo_Mangili_Saini\Codice\GUI_PortaleOspedale\src\test\resources
2024-02-01 10:45:20,731 [Worker-6: Launching CreateTables] WARN  o.a.m.s.f.DefaultMavenResourcesFiltering - Using platform encoding (Cp1252 actually) to copy filtered resources, i.e. build is platform dependent!
2024-02-01 10:45:20,733 [Worker-6: Launching CreateTables] INFO  o.a.m.s.f.DefaultMavenResourcesFiltering - skip non existing resourceDirectory C:\Users\massimoc\Documents\GitHub\Progetto_Ingegneria_Software_Cattaneo_Mangili_Saini\Codice\GestioneSale_db_sqlite\src\main\resources
2024-02-01 10:45:20,744 [Worker-6: Launching CreateTables] WARN  o.a.m.s.f.DefaultMavenResourcesFiltering - Using platform encoding (Cp1252 actually) to copy filtered resources, i.e. build is platform dependent!
2024-02-01 10:45:20,746 [Worker-6: Launching CreateTables] INFO  o.a.m.s.f.DefaultMavenResourcesFiltering - skip non existing resourceDirectory C:\Users\massimoc\Documents\GitHub\Progetto_Ingegneria_Software_Cattaneo_Mangili_Saini\Codice\GestioneSale_db_sqlite\src\test\resources
2024-02-01 10:46:47,734 [Worker-6: Building] WARN  o.a.m.s.f.DefaultMavenResourcesFiltering - Using platform encoding (Cp1252 actually) to copy filtered resources, i.e. build is platform dependent!
2024-02-01 10:46:47,736 [Worker-6: Building] INFO  o.a.m.s.f.DefaultMavenResourcesFiltering - skip non existing resourceDirectory C:\Users\massimoc\Documents\GitHub\Progetto_Ingegneria_Software_Cattaneo_Mangili_Saini\Codice\GestioneSale_db_sqlite\src\main\resources
2024-02-01 10:46:47,739 [Worker-6: Building] WARN  o.a.m.s.f.DefaultMavenResourcesFiltering - Using platform encoding (Cp1252 actually) to copy filtered resources, i.e. build is platform dependent!
2024-02-01 10:46:47,742 [Worker-6: Building] INFO  o.a.m.s.f.DefaultMavenResourcesFiltering - skip non existing resourceDirectory C:\Users\massimoc\Documents\GitHub\Progetto_Ingegneria_Software_Cattaneo_Mangili_Saini\Codice\GestioneSale_db_sqlite\src\test\resources
2024-02-01 10:48:35,557 [Worker-24: Building] WARN  o.a.m.s.f.DefaultMavenResourcesFiltering - Using platform encoding (Cp1252 actually) to copy filtered resources, i.e. build is platform dependent!
2024-02-01 10:48:35,560 [Worker-24: Building] INFO  o.a.m.s.f.DefaultMavenResourcesFiltering - skip non existing resourceDirectory C:\Users\massimoc\Documents\GitHub\Progetto_Ingegneria_Software_Cattaneo_Mangili_Saini\Codice\GestioneSale_db_sqlite\src\main\resources
2024-02-01 10:48:35,564 [Worker-24: Building] WARN  o.a.m.s.f.DefaultMavenResourcesFiltering - Using platform encoding (Cp1252 actually) to copy filtered resources, i.e. build is platform dependent!
2024-02-01 10:48:35,567 [Worker-24: Building] INFO  o.a.m.s.f.DefaultMavenResourcesFiltering - skip non existing resourceDirectory C:\Users\massimoc\Documents\GitHub\Progetto_Ingegneria_Software_Cattaneo_Mangili_Saini\Codice\GestioneSale_db_sqlite\src\test\resources
2024-02-01 10:56:17,257 [Worker-6: Building] WARN  o.a.m.s.f.DefaultMavenResourcesFiltering - Using platform encoding (Cp1252 actually) to copy filtered resources, i.e. build is platform dependent!
2024-02-01 10:56:17,261 [Worker-6: Building] INFO  o.a.m.s.f.DefaultMavenResourcesFiltering - skip non existing resourceDirectory C:\Users\massimoc\Documents\GitHub\Progetto_Ingegneria_Software_Cattaneo_Mangili_Saini\Codice\GestioneSale_db_sqlite\src\main\resources
2024-02-01 10:56:17,269 [Worker-6: Building] WARN  o.a.m.s.f.DefaultMavenResourcesFiltering - Using platform encoding (Cp1252 actually) to copy filtered resources, i.e. build is platform dependent!
2024-02-01 10:56:17,272 [Worker-6: Building] INFO  o.a.m.s.f.DefaultMavenResourcesFiltering - skip non existing resourceDirectory C:\Users\massimoc\Documents\GitHub\Progetto_Ingegneria_Software_Cattaneo_Mangili_Saini\Codice\GestioneSale_db_sqlite\src\test\resources
2024-02-01 10:58:34,401 [Worker-17: Building] WARN  o.a.m.s.f.DefaultMavenResourcesFiltering - Using platform encoding (Cp1252 actually) to copy filtered resources, i.e. build is platform dependent!
2024-02-01 10:58:34,404 [Worker-17: Building] INFO  o.a.m.s.f.DefaultMavenResourcesFiltering - skip non existing resourceDirectory C:\Users\massimoc\Documents\GitHub\Progetto_Ingegneria_Software_Cattaneo_Mangili_Saini\Codice\GestioneSale_db_sqlite\src\main\resources
2024-02-01 10:58:34,409 [Worker-17: Building] WARN  o.a.m.s.f.DefaultMavenResourcesFiltering - Using platform encoding (Cp1252 actually) to copy filtered resources, i.e. build is platform dependent!
2024-02-01 10:58:34,410 [Worker-17: Building] INFO  o.a.m.s.f.DefaultMavenResourcesFiltering - skip non existing resourceDirectory C:\Users\massimoc\Documents\GitHub\Progetto_Ingegneria_Software_Cattaneo_Mangili_Saini\Codice\GestioneSale_db_sqlite\src\test\resources
2024-02-01 11:00:17,587 [Worker-11: Building] WARN  o.a.m.s.f.DefaultMavenResourcesFiltering - Using platform encoding (Cp1252 actually) to copy filtered resources, i.e. build is platform dependent!
2024-02-01 11:00:17,590 [Worker-11: Building] INFO  o.a.m.s.f.DefaultMavenResourcesFiltering - skip non existing resourceDirectory C:\Users\massimoc\Documents\GitHub\Progetto_Ingegneria_Software_Cattaneo_Mangili_Saini\Codice\GestioneSale_db_sqlite\src\main\resources
2024-02-01 11:00:17,598 [Worker-11: Building] WARN  o.a.m.s.f.DefaultMavenResourcesFiltering - Using platform encoding (Cp1252 actually) to copy filtered resources, i.e. build is platform dependent!
2024-02-01 11:00:17,600 [Worker-11: Building] INFO  o.a.m.s.f.DefaultMavenResourcesFiltering - skip non existing resourceDirectory C:\Users\massimoc\Documents\GitHub\Progetto_Ingegneria_Software_Cattaneo_Mangili_Saini\Codice\GestioneSale_db_sqlite\src\test\resources
2024-02-01 11:00:36,900 [Worker-26: Building] WARN  o.a.m.s.f.DefaultMavenResourcesFiltering - Using platform encoding (Cp1252 actually) to copy filtered resources, i.e. build is platform dependent!
2024-02-01 11:00:36,904 [Worker-26: Building] INFO  o.a.m.s.f.DefaultMavenResourcesFiltering - skip non existing resourceDirectory C:\Users\massimoc\Documents\GitHub\Progetto_Ingegneria_Software_Cattaneo_Mangili_Saini\Codice\GestioneSale_db_sqlite\src\main\resources
2024-02-01 11:00:36,915 [Worker-26: Building] WARN  o.a.m.s.f.DefaultMavenResourcesFiltering - Using platform encoding (Cp1252 actually) to copy filtered resources, i.e. build is platform dependent!
2024-02-01 11:00:36,920 [Worker-26: Building] INFO  o.a.m.s.f.DefaultMavenResourcesFiltering - skip non existing resourceDirectory C:\Users\massimoc\Documents\GitHub\Progetto_Ingegneria_Software_Cattaneo_Mangili_Saini\Codice\GestioneSale_db_sqlite\src\test\resources
2024-02-01 11:03:18,670 [Worker-12: Building] WARN  o.a.m.s.f.DefaultMavenResourcesFiltering - Using platform encoding (Cp1252 actually) to copy filtered resources, i.e. build is platform dependent!
2024-02-01 11:03:18,672 [Worker-12: Building] INFO  o.a.m.s.f.DefaultMavenResourcesFiltering - skip non existing resourceDirectory C:\Users\massimoc\Documents\GitHub\Progetto_Ingegneria_Software_Cattaneo_Mangili_Saini\Codice\GestioneSale_db_sqlite\src\main\resources
2024-02-01 11:03:18,676 [Worker-12: Building] WARN  o.a.m.s.f.DefaultMavenResourcesFiltering - Using platform encoding (Cp1252 actually) to copy filtered resources, i.e. build is platform dependent!
2024-02-01 11:03:18,678 [Worker-12: Building] INFO  o.a.m.s.f.DefaultMavenResourcesFiltering - skip non existing resourceDirectory C:\Users\massimoc\Documents\GitHub\Progetto_Ingegneria_Software_Cattaneo_Mangili_Saini\Codice\GestioneSale_db_sqlite\src\test\resources
2024-02-01 11:04:08,623 [Worker-6: Building] WARN  o.a.m.s.f.DefaultMavenResourcesFiltering - Using platform encoding (Cp1252 actually) to copy filtered resources, i.e. build is platform dependent!
2024-02-01 11:04:08,626 [Worker-6: Building] INFO  o.a.m.s.f.DefaultMavenResourcesFiltering - skip non existing resourceDirectory C:\Users\massimoc\Documents\GitHub\Progetto_Ingegneria_Software_Cattaneo_Mangili_Saini\Codice\GestioneSale_db_sqlite\src\main\resources
2024-02-01 11:04:08,635 [Worker-6: Building] WARN  o.a.m.s.f.DefaultMavenResourcesFiltering - Using platform encoding (Cp1252 actually) to copy filtered resources, i.e. build is platform dependent!
2024-02-01 11:04:08,637 [Worker-6: Building] INFO  o.a.m.s.f.DefaultMavenResourcesFiltering - skip non existing resourceDirectory C:\Users\massimoc\Documents\GitHub\Progetto_Ingegneria_Software_Cattaneo_Mangili_Saini\Codice\GestioneSale_db_sqlite\src\test\resources
2024-02-01 11:25:44,813 [Worker-0: Loading available Gradle versions] INFO  o.e.b.c.i.u.g.PublishedGradleVersions - Gradle version information cache is up-to-date. Trying to read.
2024-02-01 11:27:06,219 [Worker-13: Updating Maven Dependencies] INFO  o.e.m.c.i.p.WorkspaceClassifierResolverManager - Resolving P/GestioneSale_db_sqlite: GestioneSale:GestioneSale_db_sqlite:0.0.1-SNAPSHOT with classifier  to /GestioneSale_db_sqlite/target/classes
2024-02-01 11:27:10,304 [Worker-13: Updating Maven Dependencies] INFO  o.e.m.c.i.l.LifecycleMappingFactory - Using org.eclipse.m2e.jdt.JarLifecycleMapping lifecycle mapping for MavenProject: GestioneSale:GestioneSale_business_logic:0.0.1-SNAPSHOT @ C:\Users\massimoc\Documents\GitHub\Progetto_Ingegneria_Software_Cattaneo_Mangili_Saini\Codice\GestioneSale_business_logic\pom.xml.
2024-02-01 11:27:10,404 [Worker-13: Updating Maven Dependencies] INFO  o.e.m.c.i.p.WorkspaceClassifierResolverManager - Resolving P/GestioneSale_db_sqlite: GestioneSale:GestioneSale_db_sqlite:0.0.1-SNAPSHOT with classifier  to /GestioneSale_db_sqlite/target/classes
2024-02-01 11:27:10,405 [Worker-13: Updating Maven Dependencies] INFO  o.e.m.c.i.p.WorkspaceClassifierResolverManager - Resolving P/GestioneSale_business_logic: GestioneSale:GestioneSale_business_logic:0.0.1-SNAPSHOT with classifier  to /GestioneSale_business_logic/target/classes
2024-02-01 11:27:10,477 [Worker-13: Updating Maven Dependencies] INFO  o.e.m.c.i.l.LifecycleMappingFactory - Using org.eclipse.m2e.jdt.JarLifecycleMapping lifecycle mapping for MavenProject: GestioneSale:GUI_PortaleOspedale:0.0.1-SNAPSHOT @ C:\Users\massimoc\Documents\GitHub\Progetto_Ingegneria_Software_Cattaneo_Mangili_Saini\Codice\GUI_PortaleOspedale\pom.xml.
2024-02-01 11:27:10,489 [Worker-13: Updating Maven Dependencies] INFO  o.e.m.c.i.p.WorkspaceClassifierResolverManager - Resolving P/GestioneSale_business_logic: GestioneSale:GestioneSale_business_logic:0.0.1-SNAPSHOT with classifier  to /GestioneSale_business_logic/target/classes
2024-02-01 11:27:11,715 [Worker-7: Enabling Maven Dependency Management] INFO  o.e.m.c.i.l.LifecycleMappingFactory - Using org.eclipse.m2e.jdt.JarLifecycleMapping lifecycle mapping for MavenProject: GestioneSale:GestioneSale_db_sqlite:0.0.1-SNAPSHOT @ C:\Users\massimoc\Documents\GitHub\Progetto_Ingegneria_Software_Cattaneo_Mangili_Saini\Codice\GestioneSale_db_sqlite\pom.xml.
2024-02-01 11:27:11,889 [Worker-7: Enabling Maven Dependency Management] INFO  o.e.m.c.i.l.LifecycleMappingFactory - Using org.eclipse.m2e.jdt.JarLifecycleMapping lifecycle mapping for MavenProject: GestioneSale:GUI_PortaleOspedale:0.0.1-SNAPSHOT @ C:\Users\massimoc\Documents\GitHub\Progetto_Ingegneria_Software_Cattaneo_Mangili_Saini\Codice\GUI_PortaleOspedale\pom.xml.
2024-02-01 11:27:11,966 [Worker-7: Enabling Maven Dependency Management] INFO  o.e.m.c.i.p.WorkspaceClassifierResolverManager - Resolving P/GestioneSale_db_sqlite: GestioneSale:GestioneSale_db_sqlite:0.0.1-SNAPSHOT with classifier  to /GestioneSale_db_sqlite/target/classes
2024-02-01 11:27:11,967 [Worker-7: Enabling Maven Dependency Management] INFO  o.e.m.c.i.p.WorkspaceClassifierResolverManager - Resolving P/GestioneSale_business_logic: GestioneSale:GestioneSale_business_logic:0.0.1-SNAPSHOT with classifier  to /GestioneSale_business_logic/target/classes
2024-02-01 11:27:12,071 [Worker-7: Enabling Maven Dependency Management] INFO  o.e.m.c.i.l.LifecycleMappingFactory - Using org.eclipse.m2e.jdt.JarLifecycleMapping lifecycle mapping for MavenProject: GestioneSale:GestioneSale_business_logic:0.0.1-SNAPSHOT @ C:\Users\massimoc\Documents\GitHub\Progetto_Ingegneria_Software_Cattaneo_Mangili_Saini\Codice\GestioneSale_business_logic\pom.xml.
2024-02-01 11:27:12,090 [Worker-7: Enabling Maven Dependency Management] INFO  o.e.m.c.i.p.WorkspaceClassifierResolverManager - Resolving P/GestioneSale_db_sqlite: GestioneSale:GestioneSale_db_sqlite:0.0.1-SNAPSHOT with classifier  to /GestioneSale_db_sqlite/target/classes
2024-02-01 11:27:12,184 [Worker-7: Enabling Maven Dependency Management] INFO  o.e.m.c.i.l.LifecycleMappingFactory - Using org.eclipse.m2e.jdt.JarLifecycleMapping lifecycle mapping for MavenProject: GestioneSale:GUI_PortaleOspedale:0.0.1-SNAPSHOT @ C:\Users\massimoc\Documents\GitHub\Progetto_Ingegneria_Software_Cattaneo_Mangili_Saini\Codice\GUI_PortaleOspedale\pom.xml.
2024-02-01 11:27:12,203 [Worker-7: Enabling Maven Dependency Management] INFO  o.e.m.c.i.p.WorkspaceClassifierResolverManager - Resolving P/GestioneSale_db_sqlite: GestioneSale:GestioneSale_db_sqlite:0.0.1-SNAPSHOT with classifier  to /GestioneSale_db_sqlite/target/classes
2024-02-01 11:27:12,204 [Worker-7: Enabling Maven Dependency Management] INFO  o.e.m.c.i.p.WorkspaceClassifierResolverManager - Resolving P/GestioneSale_business_logic: GestioneSale:GestioneSale_business_logic:0.0.1-SNAPSHOT with classifier  to /GestioneSale_business_logic/target/classes
2024-02-01 11:27:14,405 [Worker-16: Building] WARN  o.a.m.s.f.DefaultMavenResourcesFiltering - Using platform encoding (Cp1252 actually) to copy filtered resources, i.e. build is platform dependent!
2024-02-01 11:27:14,407 [Worker-16: Building] INFO  o.a.m.s.f.DefaultMavenResourcesFiltering - skip non existing resourceDirectory C:\Users\massimoc\Documents\GitHub\Progetto_Ingegneria_Software_Cattaneo_Mangili_Saini\Codice\GestioneSale_db_sqlite\src\main\resources
2024-02-01 11:27:14,412 [Worker-16: Building] WARN  o.a.m.s.f.DefaultMavenResourcesFiltering - Using platform encoding (Cp1252 actually) to copy filtered resources, i.e. build is platform dependent!
2024-02-01 11:27:14,413 [Worker-16: Building] INFO  o.a.m.s.f.DefaultMavenResourcesFiltering - skip non existing resourceDirectory C:\Users\massimoc\Documents\GitHub\Progetto_Ingegneria_Software_Cattaneo_Mangili_Saini\Codice\GestioneSale_db_sqlite\src\test\resources
2024-02-01 11:27:14,831 [Worker-7: Enabling Maven Dependency Management] INFO  o.e.m.j.i.AbstractJavaProjectConfigurator - Adding source folder /GestioneSale_db_sqlite/src
2024-02-01 11:27:14,831 [Worker-7: Enabling Maven Dependency Management] INFO  o.e.m.j.i.AbstractJavaProjectConfigurator - Resources folder /GestioneSale_db_sqlite/src/main/resources overlaps with sources folder /GestioneSale_db_sqlite/src
2024-02-01 11:27:14,834 [Worker-7: Enabling Maven Dependency Management] INFO  o.e.m.j.i.AbstractJavaProjectConfigurator - Not adding source folder /GestioneSale_db_sqlite/src/test/java because it overlaps with /GestioneSale_db_sqlite/src
2024-02-01 11:27:14,835 [Worker-7: Enabling Maven Dependency Management] INFO  o.e.m.j.i.AbstractJavaProjectConfigurator - Resources folder /GestioneSale_db_sqlite/src/test/resources overlaps with sources folder /GestioneSale_db_sqlite/src
2024-02-01 11:27:14,997 [Worker-7: Enabling Maven Dependency Management] INFO  o.e.m.c.i.p.ProjectConfigurationManager - Update started
2024-02-01 11:27:15,107 [Worker-7: Enabling Maven Dependency Management] INFO  o.e.m.c.i.l.LifecycleMappingFactory - Using org.eclipse.m2e.jdt.JarLifecycleMapping lifecycle mapping for MavenProject: GestioneSale:GestioneSale_db_sqlite:0.0.1-SNAPSHOT @ C:\Users\massimoc\Documents\GitHub\Progetto_Ingegneria_Software_Cattaneo_Mangili_Saini\Codice\GestioneSale_db_sqlite\pom.xml.
2024-02-01 11:27:15,392 [Worker-0: Building] WARN  o.a.m.s.f.DefaultMavenResourcesFiltering - Using platform encoding (Cp1252 actually) to copy filtered resources, i.e. build is platform dependent!
2024-02-01 11:27:15,394 [Worker-0: Building] INFO  o.a.m.s.f.DefaultMavenResourcesFiltering - skip non existing resourceDirectory C:\Users\massimoc\Documents\GitHub\Progetto_Ingegneria_Software_Cattaneo_Mangili_Saini\Codice\GestioneSale_db_sqlite\src\main\resources
2024-02-01 11:27:15,400 [Worker-0: Building] WARN  o.a.m.s.f.DefaultMavenResourcesFiltering - Using platform encoding (Cp1252 actually) to copy filtered resources, i.e. build is platform dependent!
2024-02-01 11:27:15,402 [Worker-0: Building] INFO  o.a.m.s.f.DefaultMavenResourcesFiltering - skip non existing resourceDirectory C:\Users\massimoc\Documents\GitHub\Progetto_Ingegneria_Software_Cattaneo_Mangili_Saini\Codice\GestioneSale_db_sqlite\src\test\resources
2024-02-01 11:27:15,865 [Worker-7: Enabling Maven Dependency Management] INFO  o.e.m.j.i.AbstractJavaProjectConfigurator - Adding source folder /GestioneSale_db_sqlite/src
2024-02-01 11:27:15,865 [Worker-7: Enabling Maven Dependency Management] INFO  o.e.m.j.i.AbstractJavaProjectConfigurator - Resources folder /GestioneSale_db_sqlite/src/main/resources overlaps with sources folder /GestioneSale_db_sqlite/src
2024-02-01 11:27:15,866 [Worker-7: Enabling Maven Dependency Management] INFO  o.e.m.j.i.AbstractJavaProjectConfigurator - Not adding source folder /GestioneSale_db_sqlite/src/test/java because it overlaps with /GestioneSale_db_sqlite/src
2024-02-01 11:27:15,866 [Worker-7: Enabling Maven Dependency Management] INFO  o.e.m.j.i.AbstractJavaProjectConfigurator - Resources folder /GestioneSale_db_sqlite/src/test/resources overlaps with sources folder /GestioneSale_db_sqlite/src
2024-02-01 11:27:15,946 [Worker-7: Enabling Maven Dependency Management] INFO  o.e.m.c.i.p.ProjectConfigurationManager - Update completed for 1 poms: local refresh takes 0,00 sec, refresh facades takes 0,00 sec, update config takes 0,00 sec 
2024-02-01 11:27:16,111 [Worker-19: Building] WARN  o.a.m.s.f.DefaultMavenResourcesFiltering - Using platform encoding (Cp1252 actually) to copy filtered resources, i.e. build is platform dependent!
2024-02-01 11:27:16,115 [Worker-19: Building] INFO  o.a.m.s.f.DefaultMavenResourcesFiltering - skip non existing resourceDirectory C:\Users\massimoc\Documents\GitHub\Progetto_Ingegneria_Software_Cattaneo_Mangili_Saini\Codice\GestioneSale_db_sqlite\src\main\resources
2024-02-01 11:27:16,121 [Worker-19: Building] WARN  o.a.m.s.f.DefaultMavenResourcesFiltering - Using platform encoding (Cp1252 actually) to copy filtered resources, i.e. build is platform dependent!
2024-02-01 11:27:16,123 [Worker-19: Building] INFO  o.a.m.s.f.DefaultMavenResourcesFiltering - skip non existing resourceDirectory C:\Users\massimoc\Documents\GitHub\Progetto_Ingegneria_Software_Cattaneo_Mangili_Saini\Codice\GestioneSale_db_sqlite\src\test\resources
2024-02-01 11:29:49,586 [Worker-23: Building] WARN  o.a.m.s.f.DefaultMavenResourcesFiltering - Using platform encoding (Cp1252 actually) to copy filtered resources, i.e. build is platform dependent!
2024-02-01 11:29:49,588 [Worker-23: Building] INFO  o.a.m.s.f.DefaultMavenResourcesFiltering - skip non existing resourceDirectory C:\Users\massimoc\Documents\GitHub\Progetto_Ingegneria_Software_Cattaneo_Mangili_Saini\Codice\GestioneSale_db_sqlite\src\main\resources
2024-02-01 11:29:49,591 [Worker-23: Building] WARN  o.a.m.s.f.DefaultMavenResourcesFiltering - Using platform encoding (Cp1252 actually) to copy filtered resources, i.e. build is platform dependent!
2024-02-01 11:29:49,593 [Worker-23: Building] INFO  o.a.m.s.f.DefaultMavenResourcesFiltering - skip non existing resourceDirectory C:\Users\massimoc\Documents\GitHub\Progetto_Ingegneria_Software_Cattaneo_Mangili_Saini\Codice\GestioneSale_db_sqlite\src\test\resources
2024-02-01 11:30:19,369 [Worker-1: Building] WARN  o.a.m.s.f.DefaultMavenResourcesFiltering - Using platform encoding (Cp1252 actually) to copy filtered resources, i.e. build is platform dependent!
2024-02-01 11:30:19,370 [Worker-1: Building] INFO  o.a.m.s.f.DefaultMavenResourcesFiltering - skip non existing resourceDirectory C:\Users\massimoc\Documents\GitHub\Progetto_Ingegneria_Software_Cattaneo_Mangili_Saini\Codice\GestioneSale_db_sqlite\src\main\resources
2024-02-01 11:30:19,373 [Worker-1: Building] WARN  o.a.m.s.f.DefaultMavenResourcesFiltering - Using platform encoding (Cp1252 actually) to copy filtered resources, i.e. build is platform dependent!
2024-02-01 11:30:19,375 [Worker-1: Building] INFO  o.a.m.s.f.DefaultMavenResourcesFiltering - skip non existing resourceDirectory C:\Users\massimoc\Documents\GitHub\Progetto_Ingegneria_Software_Cattaneo_Mangili_Saini\Codice\GestioneSale_db_sqlite\src\test\resources
2024-02-04 11:28:17,952 [Worker-3: Loading available Gradle versions] INFO  o.e.b.c.i.u.g.PublishedGradleVersions - Gradle version information cache is out-of-date. Trying to update.
2024-02-04 11:38:09,557 [Worker-2: Building] WARN  o.a.m.s.f.DefaultMavenResourcesFiltering - Using platform encoding (Cp1252 actually) to copy filtered resources, i.e. build is platform dependent!
2024-02-04 11:38:09,561 [Worker-2: Building] INFO  o.a.m.s.f.DefaultMavenResourcesFiltering - skip non existing resourceDirectory C:\Users\massimoc\Documents\GitHub\Progetto_Ingegneria_Software_Cattaneo_Mangili_Saini\Codice\GestioneSale_db_sqlite\src\main\resources
2024-02-04 11:38:09,570 [Worker-2: Building] WARN  o.a.m.s.f.DefaultMavenResourcesFiltering - Using platform encoding (Cp1252 actually) to copy filtered resources, i.e. build is platform dependent!
2024-02-04 11:38:09,571 [Worker-2: Building] INFO  o.a.m.s.f.DefaultMavenResourcesFiltering - skip non existing resourceDirectory C:\Users\massimoc\Documents\GitHub\Progetto_Ingegneria_Software_Cattaneo_Mangili_Saini\Codice\GestioneSale_db_sqlite\src\test\resources
2024-02-04 11:41:28,363 [Worker-4: Launching CreateTables] WARN  o.a.m.s.f.DefaultMavenResourcesFiltering - Using platform encoding (Cp1252 actually) to copy filtered resources, i.e. build is platform dependent!
2024-02-04 11:41:28,366 [Worker-4: Launching CreateTables] INFO  o.a.m.s.f.DefaultMavenResourcesFiltering - skip non existing resourceDirectory C:\Users\massimoc\Documents\GitHub\Progetto_Ingegneria_Software_Cattaneo_Mangili_Saini\Codice\GestioneSale_db_sqlite\src\main\resources
2024-02-04 11:41:28,372 [Worker-4: Launching CreateTables] WARN  o.a.m.s.f.DefaultMavenResourcesFiltering - Using platform encoding (Cp1252 actually) to copy filtered resources, i.e. build is platform dependent!
2024-02-04 11:41:28,375 [Worker-4: Launching CreateTables] INFO  o.a.m.s.f.DefaultMavenResourcesFiltering - skip non existing resourceDirectory C:\Users\massimoc\Documents\GitHub\Progetto_Ingegneria_Software_Cattaneo_Mangili_Saini\Codice\GestioneSale_db_sqlite\src\test\resources
2024-02-04 11:42:24,686 [Worker-8: Launching Login] INFO  o.e.m.c.i.p.WorkspaceClassifierResolverManager - Resolving P/GestioneSale_db_sqlite: GestioneSale:GestioneSale_db_sqlite:0.0.1-SNAPSHOT with classifier  to /GestioneSale_db_sqlite/target/classes
2024-02-04 11:42:24,701 [Worker-8: Launching Login] INFO  o.e.m.c.i.p.WorkspaceClassifierResolverManager - Resolving P/GestioneSale_business_logic: GestioneSale:GestioneSale_business_logic:0.0.1-SNAPSHOT with classifier  to /GestioneSale_business_logic/target/classes
2024-02-04 11:42:24,756 [Worker-8: Launching Login] INFO  o.e.m.c.i.p.WorkspaceClassifierResolverManager - Resolving P/GestioneSale_db_sqlite: GestioneSale:GestioneSale_db_sqlite:0.0.1-SNAPSHOT with classifier null to /GestioneSale_db_sqlite/target/classes
2024-02-04 11:42:24,760 [Worker-8: Launching Login] INFO  o.e.m.c.i.p.WorkspaceClassifierResolverManager - Resolving P/GestioneSale_business_logic: GestioneSale:GestioneSale_business_logic:0.0.1-SNAPSHOT with classifier null to /GestioneSale_business_logic/target/classes
2024-02-04 11:42:24,808 [Worker-8: Launching Login] INFO  o.e.m.c.i.p.WorkspaceClassifierResolverManager - Resolving P/GestioneSale_db_sqlite: GestioneSale:GestioneSale_db_sqlite:0.0.1-SNAPSHOT with classifier null to /GestioneSale_db_sqlite/target/classes
2024-02-04 11:42:24,809 [Worker-8: Launching Login] INFO  o.e.m.c.i.p.WorkspaceClassifierResolverManager - Resolving P/GestioneSale_business_logic: GestioneSale:GestioneSale_business_logic:0.0.1-SNAPSHOT with classifier null to /GestioneSale_business_logic/target/classes
2024-02-04 11:42:24,852 [Worker-8: Launching Login] INFO  o.e.m.c.i.p.WorkspaceClassifierResolverManager - Resolving P/GestioneSale_db_sqlite: GestioneSale:GestioneSale_db_sqlite:0.0.1-SNAPSHOT with classifier null to /GestioneSale_db_sqlite/target/classes
2024-02-04 11:42:24,852 [Worker-8: Launching Login] INFO  o.e.m.c.i.p.WorkspaceClassifierResolverManager - Resolving P/GestioneSale_business_logic: GestioneSale:GestioneSale_business_logic:0.0.1-SNAPSHOT with classifier null to /GestioneSale_business_logic/target/classes
2024-02-04 11:43:19,441 [Worker-22: Launching GenerateCode] INFO  o.e.m.c.i.p.WorkspaceClassifierResolverManager - Resolving P/GestioneSale_db_sqlite: GestioneSale:GestioneSale_db_sqlite:0.0.1-SNAPSHOT with classifier  to /GestioneSale_db_sqlite/target/classes
2024-02-04 11:43:19,482 [Worker-22: Launching GenerateCode] INFO  o.e.m.c.i.p.WorkspaceClassifierResolverManager - Resolving P/GestioneSale_db_sqlite: GestioneSale:GestioneSale_db_sqlite:0.0.1-SNAPSHOT with classifier null to /GestioneSale_db_sqlite/target/classes
2024-02-04 11:43:19,514 [Worker-22: Launching GenerateCode] INFO  o.e.m.c.i.p.WorkspaceClassifierResolverManager - Resolving P/GestioneSale_db_sqlite: GestioneSale:GestioneSale_db_sqlite:0.0.1-SNAPSHOT with classifier null to /GestioneSale_db_sqlite/target/classes
2024-02-04 11:43:19,545 [Worker-22: Launching GenerateCode] INFO  o.e.m.c.i.p.WorkspaceClassifierResolverManager - Resolving P/GestioneSale_db_sqlite: GestioneSale:GestioneSale_db_sqlite:0.0.1-SNAPSHOT with classifier null to /GestioneSale_db_sqlite/target/classes
2024-02-04 11:43:45,060 [Worker-22: Launching GenerateCode] INFO  o.e.m.c.i.p.WorkspaceClassifierResolverManager - Resolving P/GestioneSale_db_sqlite: GestioneSale:GestioneSale_db_sqlite:0.0.1-SNAPSHOT with classifier null to /GestioneSale_db_sqlite/target/classes
2024-02-04 11:43:45,095 [Worker-22: Launching GenerateCode] INFO  o.e.m.c.i.p.WorkspaceClassifierResolverManager - Resolving P/GestioneSale_db_sqlite: GestioneSale:GestioneSale_db_sqlite:0.0.1-SNAPSHOT with classifier null to /GestioneSale_db_sqlite/target/classes
2024-02-04 11:43:45,122 [Worker-22: Launching GenerateCode] INFO  o.e.m.c.i.p.WorkspaceClassifierResolverManager - Resolving P/GestioneSale_db_sqlite: GestioneSale:GestioneSale_db_sqlite:0.0.1-SNAPSHOT with classifier null to /GestioneSale_db_sqlite/target/classes
2024-02-04 11:45:19,978 [Worker-14: Building] WARN  o.a.m.s.f.DefaultMavenResourcesFiltering - Using platform encoding (Cp1252 actually) to copy filtered resources, i.e. build is platform dependent!
2024-02-04 11:45:19,980 [Worker-14: Building] INFO  o.a.m.s.f.DefaultMavenResourcesFiltering - skip non existing resourceDirectory C:\Users\massimoc\Documents\GitHub\Progetto_Ingegneria_Software_Cattaneo_Mangili_Saini\Codice\GestioneSale_business_logic\src\main\resources
2024-02-04 11:45:19,985 [Worker-14: Building] WARN  o.a.m.s.f.DefaultMavenResourcesFiltering - Using platform encoding (Cp1252 actually) to copy filtered resources, i.e. build is platform dependent!
2024-02-04 11:45:19,987 [Worker-14: Building] INFO  o.a.m.s.f.DefaultMavenResourcesFiltering - skip non existing resourceDirectory C:\Users\massimoc\Documents\GitHub\Progetto_Ingegneria_Software_Cattaneo_Mangili_Saini\Codice\GestioneSale_business_logic\src\test\resources
2024-02-04 11:45:25,600 [Worker-4: Launching GenerateCode] INFO  o.e.m.c.i.p.WorkspaceClassifierResolverManager - Resolving P/GestioneSale_db_sqlite: GestioneSale:GestioneSale_db_sqlite:0.0.1-SNAPSHOT with classifier null to /GestioneSale_db_sqlite/target/classes
2024-02-04 11:45:25,630 [Worker-4: Launching GenerateCode] INFO  o.e.m.c.i.p.WorkspaceClassifierResolverManager - Resolving P/GestioneSale_db_sqlite: GestioneSale:GestioneSale_db_sqlite:0.0.1-SNAPSHOT with classifier null to /GestioneSale_db_sqlite/target/classes
2024-02-04 11:45:25,659 [Worker-4: Launching GenerateCode] INFO  o.e.m.c.i.p.WorkspaceClassifierResolverManager - Resolving P/GestioneSale_db_sqlite: GestioneSale:GestioneSale_db_sqlite:0.0.1-SNAPSHOT with classifier null to /GestioneSale_db_sqlite/target/classes
2024-02-04 11:46:50,261 [Worker-22: Launching Login] INFO  o.e.m.c.i.p.WorkspaceClassifierResolverManager - Resolving P/GestioneSale_db_sqlite: GestioneSale:GestioneSale_db_sqlite:0.0.1-SNAPSHOT with classifier null to /GestioneSale_db_sqlite/target/classes
2024-02-04 11:46:50,262 [Worker-22: Launching Login] INFO  o.e.m.c.i.p.WorkspaceClassifierResolverManager - Resolving P/GestioneSale_business_logic: GestioneSale:GestioneSale_business_logic:0.0.1-SNAPSHOT with classifier null to /GestioneSale_business_logic/target/classes
2024-02-04 11:46:50,289 [Worker-22: Launching Login] INFO  o.e.m.c.i.p.WorkspaceClassifierResolverManager - Resolving P/GestioneSale_db_sqlite: GestioneSale:GestioneSale_db_sqlite:0.0.1-SNAPSHOT with classifier null to /GestioneSale_db_sqlite/target/classes
2024-02-04 11:46:50,289 [Worker-22: Launching Login] INFO  o.e.m.c.i.p.WorkspaceClassifierResolverManager - Resolving P/GestioneSale_business_logic: GestioneSale:GestioneSale_business_logic:0.0.1-SNAPSHOT with classifier null to /GestioneSale_business_logic/target/classes
2024-02-04 11:46:50,314 [Worker-22: Launching Login] INFO  o.e.m.c.i.p.WorkspaceClassifierResolverManager - Resolving P/GestioneSale_db_sqlite: GestioneSale:GestioneSale_db_sqlite:0.0.1-SNAPSHOT with classifier null to /GestioneSale_db_sqlite/target/classes
2024-02-04 11:46:50,315 [Worker-22: Launching Login] INFO  o.e.m.c.i.p.WorkspaceClassifierResolverManager - Resolving P/GestioneSale_business_logic: GestioneSale:GestioneSale_business_logic:0.0.1-SNAPSHOT with classifier null to /GestioneSale_business_logic/target/classes
2024-02-04 11:47:30,236 [Worker-2: Launching Login] INFO  o.e.m.c.i.p.WorkspaceClassifierResolverManager - Resolving P/GestioneSale_db_sqlite: GestioneSale:GestioneSale_db_sqlite:0.0.1-SNAPSHOT with classifier null to /GestioneSale_db_sqlite/target/classes
2024-02-04 11:47:30,238 [Worker-2: Launching Login] INFO  o.e.m.c.i.p.WorkspaceClassifierResolverManager - Resolving P/GestioneSale_business_logic: GestioneSale:GestioneSale_business_logic:0.0.1-SNAPSHOT with classifier null to /GestioneSale_business_logic/target/classes
2024-02-04 11:47:30,305 [Worker-2: Launching Login] INFO  o.e.m.c.i.p.WorkspaceClassifierResolverManager - Resolving P/GestioneSale_db_sqlite: GestioneSale:GestioneSale_db_sqlite:0.0.1-SNAPSHOT with classifier null to /GestioneSale_db_sqlite/target/classes
2024-02-04 11:47:30,306 [Worker-2: Launching Login] INFO  o.e.m.c.i.p.WorkspaceClassifierResolverManager - Resolving P/GestioneSale_business_logic: GestioneSale:GestioneSale_business_logic:0.0.1-SNAPSHOT with classifier null to /GestioneSale_business_logic/target/classes
2024-02-04 11:47:30,349 [Worker-2: Launching Login] INFO  o.e.m.c.i.p.WorkspaceClassifierResolverManager - Resolving P/GestioneSale_db_sqlite: GestioneSale:GestioneSale_db_sqlite:0.0.1-SNAPSHOT with classifier null to /GestioneSale_db_sqlite/target/classes
2024-02-04 11:47:30,350 [Worker-2: Launching Login] INFO  o.e.m.c.i.p.WorkspaceClassifierResolverManager - Resolving P/GestioneSale_business_logic: GestioneSale:GestioneSale_business_logic:0.0.1-SNAPSHOT with classifier null to /GestioneSale_business_logic/target/classes
